Determining if the pthread_create exist failed with the following output:
Change Dir: /home/pcampolucci/sgm_study/CMakeFiles/CMakeTmp

Run Build Command:"/usr/bin/make" "cmTC_221d3/fast"
/usr/bin/make -f CMakeFiles/cmTC_221d3.dir/build.make CMakeFiles/cmTC_221d3.dir/build
make[1]: Entering directory '/home/pcampolucci/sgm_study/CMakeFiles/CMakeTmp'
Building C object CMakeFiles/cmTC_221d3.dir/CheckSymbolExists.c.o
/usr/lib/ccache/cc   -fPIC    -o CMakeFiles/cmTC_221d3.dir/CheckSymbolExists.c.o   -c /home/pcampolucci/sgm_study/CMakeFiles/CMakeTmp/CheckSymbolExists.c
Linking C executable cmTC_221d3
/usr/bin/cmake -E cmake_link_script CMakeFiles/cmTC_221d3.dir/link.txt --verbose=1
/usr/lib/ccache/cc -fPIC     -rdynamic CMakeFiles/cmTC_221d3.dir/CheckSymbolExists.c.o  -o cmTC_221d3 
CMakeFiles/cmTC_221d3.dir/CheckSymbolExists.c.o: In function `main':
CheckSymbolExists.c:(.text+0x1b): undefined reference to `pthread_create'
collect2: error: ld returned 1 exit status
CMakeFiles/cmTC_221d3.dir/build.make:97: recipe for target 'cmTC_221d3' failed
make[1]: *** [cmTC_221d3] Error 1
make[1]: Leaving directory '/home/pcampolucci/sgm_study/CMakeFiles/CMakeTmp'
Makefile:126: recipe for target 'cmTC_221d3/fast' failed
make: *** [cmTC_221d3/fast] Error 2

File /home/pcampolucci/sgm_study/CMakeFiles/CMakeTmp/CheckSymbolExists.c:
/* */
#include <pthread.h>

int main(int argc, char** argv)
{
  (void)argv;
#ifndef pthread_create
  return ((int*)(&pthread_create))[argc];
#else
  (void)argc;
  return 0;
#endif
}

Determining if the function pthread_create exists in the pthreads failed with the following output:
Change Dir: /home/pcampolucci/sgm_study/CMakeFiles/CMakeTmp

Run Build Command:"/usr/bin/make" "cmTC_ae11d/fast"
/usr/bin/make -f CMakeFiles/cmTC_ae11d.dir/build.make CMakeFiles/cmTC_ae11d.dir/build
make[1]: Entering directory '/home/pcampolucci/sgm_study/CMakeFiles/CMakeTmp'
Building C object CMakeFiles/cmTC_ae11d.dir/CheckFunctionExists.c.o
/usr/lib/ccache/cc   -fPIC -DCHECK_FUNCTION_EXISTS=pthread_create   -o CMakeFiles/cmTC_ae11d.dir/CheckFunctionExists.c.o   -c /usr/share/cmake-3.10/Modules/CheckFunctionExists.c
Linking C executable cmTC_ae11d
/usr/bin/cmake -E cmake_link_script CMakeFiles/cmTC_ae11d.dir/link.txt --verbose=1
/usr/lib/ccache/cc -fPIC -DCHECK_FUNCTION_EXISTS=pthread_create    -rdynamic CMakeFiles/cmTC_ae11d.dir/CheckFunctionExists.c.o  -o cmTC_ae11d -lpthreads 
/usr/bin/ld: cannot find -lpthreads
collect2: error: ld returned 1 exit status
CMakeFiles/cmTC_ae11d.dir/build.make:97: recipe for target 'cmTC_ae11d' failed
make[1]: *** [cmTC_ae11d] Error 1
make[1]: Leaving directory '/home/pcampolucci/sgm_study/CMakeFiles/CMakeTmp'
Makefile:126: recipe for target 'cmTC_ae11d/fast' failed
make: *** [cmTC_ae11d/fast] Error 2


